[0.014s] Invoking command in '/home/sanjay/ros2_task/build/cpp_tasks': AMENT_PREFIX_PATH=/home/sanjay/ros2_task/install/custom_interface:${AMENT_PREFIX_PATH} CMAKE_PREFIX_PATH=/home/sanjay/ros2_task/install/custom_interface:/opt/ros/humble LD_LIBRARY_PATH=/home/sanjay/ros2_task/install/custom_interface/lib:${LD_LIBRARY_PATH} PYTHONPATH=/home/sanjay/ros2_task/install/custom_interface/local/lib/python3.10/dist-packages:${PYTHONPATH} /usr/bin/cmake --build /home/sanjay/ros2_task/build/cpp_tasks -- -j12 -l12
[0.095s] [ 10%] [32mBuilding CXX object CMakeFiles/poly_client.dir/src/client_drawp.cpp.o[0m
[0.097s] [ 30%] Built target togoal
[0.098s] [ 50%] Built target drawcircle
[0.098s] [ 60%] [32mBuilding CXX object CMakeFiles/poly_service.dir/src/service_drawp.cpp.o[0m
[0.100s] [ 80%] Built target drawd
[0.401s] [01m[K/home/sanjay/ros2_task/src/cpp_tasks/src/client_drawp.cpp:2:10:[m[K [01;31m[Kfatal error: [m[Kcustom_interface/srv/Drawpoly.hpp: No such file or directory
[0.402s]     2 | #include [01;31m[K"custom_interface/srv/Drawpoly.hpp"[m[K
[0.402s]       |          [01;31m[K^~~~~~~~~~~~~~~~~~~~~~~~~~~~~~~~~~~[m[K
[0.402s] compilation terminated.
[0.407s] gmake[2]: *** [CMakeFiles/poly_client.dir/build.make:76: CMakeFiles/poly_client.dir/src/client_drawp.cpp.o] Error 1
[0.407s] gmake[1]: *** [CMakeFiles/Makefile2:223: CMakeFiles/poly_client.dir/all] Error 2
[0.407s] gmake[1]: *** Waiting for unfinished jobs....
[0.413s] [01m[K/home/sanjay/ros2_task/src/cpp_tasks/src/service_drawp.cpp:2:10:[m[K [01;31m[Kfatal error: [m[Kcustom_interface/srv/Drawpoly.hpp: No such file or directory
[0.413s]     2 | #include [01;31m[K"custom_interface/srv/Drawpoly.hpp"[m[K
[0.413s]       |          [01;31m[K^~~~~~~~~~~~~~~~~~~~~~~~~~~~~~~~~~~[m[K
[0.413s] compilation terminated.
[0.419s] gmake[2]: *** [CMakeFiles/poly_service.dir/build.make:76: CMakeFiles/poly_service.dir/src/service_drawp.cpp.o] Error 1
[0.419s] gmake[1]: *** [CMakeFiles/Makefile2:249: CMakeFiles/poly_service.dir/all] Error 2
[0.419s] gmake: *** [Makefile:146: all] Error 2
[0.421s] Invoked command in '/home/sanjay/ros2_task/build/cpp_tasks' returned '2': AMENT_PREFIX_PATH=/home/sanjay/ros2_task/install/custom_interface:${AMENT_PREFIX_PATH} CMAKE_PREFIX_PATH=/home/sanjay/ros2_task/install/custom_interface:/opt/ros/humble LD_LIBRARY_PATH=/home/sanjay/ros2_task/install/custom_interface/lib:${LD_LIBRARY_PATH} PYTHONPATH=/home/sanjay/ros2_task/install/custom_interface/local/lib/python3.10/dist-packages:${PYTHONPATH} /usr/bin/cmake --build /home/sanjay/ros2_task/build/cpp_tasks -- -j12 -l12
