[0.009s] Invoking command in '/home/sanjay/ros2_task/build/cpp_tasks': AMENT_PREFIX_PATH=/home/sanjay/ros2_task/install/custom_interface:${AMENT_PREFIX_PATH} CMAKE_PREFIX_PATH=/home/sanjay/ros2_task/install/custom_interface:/opt/ros/humble LD_LIBRARY_PATH=/home/sanjay/ros2_task/install/custom_interface/lib:${LD_LIBRARY_PATH} PYTHONPATH=/home/sanjay/ros2_task/install/custom_interface/local/lib/python3.10/dist-packages:${PYTHONPATH} /usr/bin/cmake --build /home/sanjay/ros2_task/build/cpp_tasks -- -j12 -l12
[0.042s] -- Found ament_cmake: 1.3.11 (/opt/ros/humble/share/ament_cmake/cmake)
[0.195s] -- Found rclcpp: 16.0.11 (/opt/ros/humble/share/rclcpp/cmake)
[0.224s] -- Found rosidl_generator_c: 3.1.6 (/opt/ros/humble/share/rosidl_generator_c/cmake)
[0.227s] -- Found rosidl_adapter: 3.1.6 (/opt/ros/humble/share/rosidl_adapter/cmake)
[0.233s] -- Found rosidl_generator_cpp: 3.1.6 (/opt/ros/humble/share/rosidl_generator_cpp/cmake)
[0.243s] -- Using all available rosidl_typesupport_c: rosidl_typesupport_fastrtps_c;rosidl_typesupport_introspection_c
[0.256s] -- Using all available rosidl_typesupport_cpp: rosidl_typesupport_fastrtps_cpp;rosidl_typesupport_introspection_cpp
[0.291s] -- Found rmw_implementation_cmake: 6.1.2 (/opt/ros/humble/share/rmw_implementation_cmake/cmake)
[0.292s] -- Found rmw_fastrtps_cpp: 6.2.7 (/opt/ros/humble/share/rmw_fastrtps_cpp/cmake)
[0.396s] -- Using RMW implementation 'rmw_fastrtps_cpp' as default
[0.449s] -- Found geometry_msgs: 4.2.4 (/opt/ros/humble/share/geometry_msgs/cmake)
[0.462s] -- Found turtlesim: 1.4.2 (/opt/ros/humble/share/turtlesim/cmake)
[0.501s] -- Found custom_interface: 0.0.0 (/home/sanjay/ros2_task/install/custom_interface/share/custom_interface/cmake)
[0.519s] -- Found ament_lint_auto: 0.12.11 (/opt/ros/humble/share/ament_lint_auto/cmake)
[0.592s] -- Added test 'cppcheck' to perform static code analysis on C / C++ code
[0.592s] -- Configured cppcheck include dirs: 
[0.592s] -- Configured cppcheck exclude dirs and/or files: 
[0.593s] -- Added test 'lint_cmake' to check CMake code style
[0.593s] -- Added test 'uncrustify' to check C / C++ code style
[0.593s] -- Configured uncrustify additional arguments: 
[0.593s] -- Added test 'xmllint' to check XML markup files
[0.594s] -- Configuring done
[0.616s] -- Generating done
[0.626s] -- Build files have been written to: /home/sanjay/ros2_task/build/cpp_tasks
[0.655s] [35m[1mConsolidate compiler generated dependencies of target drawcircle[0m
[0.655s] [35m[1mConsolidate compiler generated dependencies of target drawd[0m
[0.655s] [35m[1mConsolidate compiler generated dependencies of target togoal[0m
[0.670s] [ 10%] [32mBuilding CXX object CMakeFiles/poly_client.dir/src/client_drawp.cpp.o[0m
[0.674s] [ 20%] [32mBuilding CXX object CMakeFiles/poly_service.dir/src/service_drawp.cpp.o[0m
[0.678s] [ 40%] Built target drawcircle
[0.679s] [ 60%] Built target drawd
[0.681s] [ 80%] Built target togoal
[0.926s] [01m[K/home/sanjay/ros2_task/src/cpp_tasks/src/client_drawp.cpp:2:10:[m[K [01;31m[Kfatal error: [m[Kcustom_interface/srv/Drawpoly.hpp: No such file or directory
[0.927s]     2 | #include [01;31m[K"custom_interface/srv/Drawpoly.hpp"[m[K
[0.927s]       |          [01;31m[K^~~~~~~~~~~~~~~~~~~~~~~~~~~~~~~~~~~[m[K
[0.927s] compilation terminated.
[0.927s] [01m[K/home/sanjay/ros2_task/src/cpp_tasks/src/service_drawp.cpp:2:10:[m[K [01;31m[Kfatal error: [m[Kcustom_interface/srv/Drawpoly.hpp: No such file or directory
[0.927s]     2 | #include [01;31m[K"custom_interface/srv/Drawpoly.hpp"[m[K
[0.927s]       |          [01;31m[K^~~~~~~~~~~~~~~~~~~~~~~~~~~~~~~~~~~[m[K
[0.927s] compilation terminated.
[0.932s] gmake[2]: *** [CMakeFiles/poly_service.dir/build.make:76: CMakeFiles/poly_service.dir/src/service_drawp.cpp.o] Error 1
[0.932s] gmake[2]: *** [CMakeFiles/poly_client.dir/build.make:76: CMakeFiles/poly_client.dir/src/client_drawp.cpp.o] Error 1
[0.932s] gmake[1]: *** [CMakeFiles/Makefile2:223: CMakeFiles/poly_client.dir/all] Error 2
[0.932s] gmake[1]: *** Waiting for unfinished jobs....
[0.932s] gmake[1]: *** [CMakeFiles/Makefile2:249: CMakeFiles/poly_service.dir/all] Error 2
[0.932s] gmake: *** [Makefile:146: all] Error 2
[0.936s] Invoked command in '/home/sanjay/ros2_task/build/cpp_tasks' returned '2': AMENT_PREFIX_PATH=/home/sanjay/ros2_task/install/custom_interface:${AMENT_PREFIX_PATH} CMAKE_PREFIX_PATH=/home/sanjay/ros2_task/install/custom_interface:/opt/ros/humble LD_LIBRARY_PATH=/home/sanjay/ros2_task/install/custom_interface/lib:${LD_LIBRARY_PATH} PYTHONPATH=/home/sanjay/ros2_task/install/custom_interface/local/lib/python3.10/dist-packages:${PYTHONPATH} /usr/bin/cmake --build /home/sanjay/ros2_task/build/cpp_tasks -- -j12 -l12
